############################################################################## Tue Mar 5 12:09:43 UTC 2019 RUN STARTED
item_id:ID+source_id+size:int+date+checksum+content_type+platform+pipeline+source_url+local_url+technical_replicate_count+biological_replicate_count+:LABEL
:START_ID+:END_ID+:TYPE
:START_ID+:END_ID+:TYPE
:START_ID+:END_ID+:TYPE
:START_ID+:END_ID+:TYPE
experiment_type_id:ID+technique+feature+target+antibody+:LABEL
dataset_id:ID+dataset_name+data_type+file_format+assembly+is_annotation:boolean+source+:LABEL
case_study_id:ID+source_id+source_site+external_reference+:LABEL
replicate_id:ID+source_id+biological_replicate_number:int+technical_replicate_number+:LABEL
:START_ID+:END_ID+:TYPE
project_id:ID+project_name+source+:LABEL
:START_ID+:END_ID+:TYPE
biosample_id:ID+source_id+biosample_type+tissue+cell+is_healthy:boolean+disease+:LABEL
:START_ID+:END_ID+:TYPE
donor_id:ID+source_id+species+age:int+gender+ethnicity+:LABEL
:START_ID+onto_attribute+:END_ID+:TYPE
tid:ID+source+code+pref_label+description+iri+:LABEL
:START_ID+:END_ID+:TYPE
source:ID+title+description+url+:LABEL
:START_ID+:END_ID+:TYPE
synonym_id:ID+label+:LABEL
:START_ID+:END_ID+:TYPE
reference_id:ID+source+code+:LABEL
:START_ID+:END_ID+rel_type+:TYPE
pair_id:ID+key+value+:LABEL
:START_ID+:END_ID+:TYPE
############################################################################## Tue Mar 5 12:09:43 UTC 2019 HEADERS CREATED
############################################################################## Tue Mar 5 12:09:43 UTC 2019 PREPARED VARIABLE FOR PSQL
COPY 243520
COPY 243520
COPY 243520
COPY 243520
COPY 263145
COPY 1041
COPY 37
COPY 28057
COPY 142836
COPY 28057
COPY 40
COPY 142836
COPY 34975
COPY 34975
COPY 21253
COPY 177852
COPY 7095
COPY 7095
COPY 30
COPY 29101
COPY 26334
COPY 16646
COPY 16646
COPY 9522
COPY 45778261
COPY 45778261
############################################################################## Tue Mar 5 12:12:57 UTC 2019 EXPORTED NODES AND RELATIONSHIPS
############################################################################## Tue Mar 5 12:12:57 UTC 2019 CONVERTED BOOLEAN VALUES
############################################################################## Tue Mar 5 12:13:15 UTC 2019 ADDITIONAL CONVERSION FOR PAIRS DONE
############################################################################## Tue Mar 5 12:13:15 UTC 2019 DELETED OLD GRAPH
Stopping Neo4j.... stopped
############################################################################## Tue Mar 5 12:13:19 UTC 2019 STOPPED NEO4J IN CASE IT WAS RUNNING
Import starting 2019-03-05 13:13:22.527+0100
  Estimated number of nodes: 47.85 M
  Estimated number of node properties: 145.41 M
  Estimated number of relationships: 52.80 M
  Estimated number of relationship properties: 185.85 k
  Estimated disk space usage: 8.66 GB
  Estimated required memory usage: 1.58 GB

InteractiveReporterInteractions command list (end with ENTER):
  c: Print more detailed information about current stage
  i: Print more detailed information

(1/4) Node import 2019-03-05 13:13:22.598+0100
  Estimated number of nodes: 47.85 M
  Estimated disk space usage: 6.98 GB
  Estimated required memory usage: 1.58 GB
.......... .......... .......... .......... .......... 5%
.......... .......... .......... .......... .......... 10%
.......... .......... .......... .......... .......... 15%
.......... .......... .......... .......... .......... 20%
.......... .......... .......... .......... .......... 25%
.......... .......... .......... .......... .......... 30%
.......... .......... .......... .......... .......... 35%
.......... .......... .......... .......... .......... 40%
.......... .......... .......... .......... .......... 45%
.......... .......... .......... .......... .......... 50%
.......... .......... .......... .......... .......... 55%
.......... .......... .......... .......... .......... 60%
.......... .......... .......... .......... .......... 65%
.......... .......... .......... .......... .......... 70%
.......... .......... .......... .......... .......... 75%
.......... .......... .......... .......... .......... 80%
.......... .......... .......... .......... .......... 85%
.......... .......... .......... .......... .......... 90%
.......... .......... .......... .......... .......... 95%
.......... .......... .......... .......... .........(2/4) Relationship import 2019-03-05 13:13:48.331+0100
  Estimated number of relationships: 52.80 M
  Estimated disk space usage: 1.68 GB
  Estimated required memory usage: 1.52 GB
.......... .......... .......... .......... .......... 5%
.......... .......... .......... .......... .......... 10%
.......... .......... .......... .......... .......... 15%
.......... .......... .......... .......... .......... 20%
.......... .......... .......... .......... .......... 25%
.......... .......... .......... .......... .......... 30%
.......... .......... .......... .......... .......... 35%
.......... .......... .......... .......... .......... 40%
.......... .......... .......... .......... .......... 45%
.......... .......... .......... .......... .......... 50%
.......... .......... .......... .......... .......... 55%
.......... .......... .......... .......... .......... 60%
.......... .......... .......... .......... .......... 65%
.......... .......... .......... .......... .......... 70%
.......... .......... .......... .......... .......... 75%
.......... .......... .......... .......... .......... 80%
.......... .......... .......... .......... .......... 85%
.......... .......... .......... .......... .......... 90%
.......... .......... .......... .......... .......... 95%
.......... .......... .......... .......... .......... 100%

(3/4) Relationship linking 2019-03-05 13:13:56.217+0100
  Estimated required memory usage: 1.47 GB
.......... .......... .......... .......... .......... 5%
.......... .......... .......... .......... .......... 10%
.......... .......... .......... .......... .......... 15%
.......... .......... .......... .......... .......... 20%
.......... .......... .......... .......... .......... 25%
.......... .......... .......... .......... .......... 30%
.......... .......... .......... .......... .......... 35%
.......... .......... .......... .......... .......... 40%
.......... .......... .......... .......... .......... 45%
.......... .......... .......... .......... .......... 50%
.......... .......... .......... .......... .......... 55%
.......... .......... .......... .......... .......... 60%
.......... .......... .......... .......... .......... 65%
.......... .......... .......... .......... .......... 70%
.......... .......... .......... .......... .......... 75%
.......... .......... .......... .......... .......... 80%
.......... .......... .......... .......... .......... 85%
.......... .......... .......... .......... .......... 90%
.......... .......... .......... .......... .......... 95%
.......... .......... .......... .......... .......... 100%

(4/4) Post processing 2019-03-05 13:14:14.970+0100
  Estimated required memory usage: 1020.01 MB
.......... .......... .......... .......... .......... 5%
.......... .......... .......... .......... .......... 10%
.......... .......... .......... .......... .......... 15%
.......... .......... .......... .......... .......... 20%
.......... .......... .......... .......... .......... 25%
.......... .......... .......... .......... .......... 30%
.......... .......... .......... .......... .......... 35%
.......... .......... .......... .......... .......... 40%
.......... .......... .......... .......... .......... 45%
.......... .......... .......... .......... .......... 50%
.......... .......... .......... .......... .......... 55%
.......... .......... .......... .......... .......... 60%
.......... .......... .......... .......... .......... 65%
.......... .......... .......... .......... .......... 70%
.......... .......... .......... .......... .......... 75%
.......... .......... .......... .......... .......... 80%
.......... .......... .......... .......... .......... 85%
.......... .......... .......... .......... .......... 90%
.......... .......... .......... .......... .......... 95%
.......... .......... .......... .......... .......... 100%


IMPORT DONE in 1m 6s 404ms. 
Imported:
  46300125 nodes
  47215283 relationships
  140917824 properties
Peak memory usage: 1.52 GB
There were bad entries which were skipped and logged into /home/bernasconi/gcm2neo4j/import.report
############################################################################## Tue Mar 5 12:14:32 UTC 2019 CREATED NEW GRAPH
Active database: graph.db
Directories in use:
  home:         /home/bernasconi/neo4j-community-3.4.1
  config:       /home/bernasconi/neo4j-community-3.4.1/conf
  logs:         /home/bernasconi/neo4j-community-3.4.1/logs
  plugins:      /home/bernasconi/neo4j-community-3.4.1/plugins
  import:       /home/bernasconi/neo4j-community-3.4.1/import
  data:         /home/bernasconi/neo4j-community-3.4.1/data
  certificates: /home/bernasconi/neo4j-community-3.4.1/certificates
  run:          /home/bernasconi/neo4j-community-3.4.1/run
Starting Neo4j.
WARNING: Max 1024 open files allowed, minimum of 40000 recommended. See the Neo4j manual.
Started neo4j (pid 28016). It is available at http://0.0.0.0:27474/
There may be a short delay until the server is ready.
See /home/bernasconi/neo4j-community-3.4.1/logs/neo4j.log for current status.
############################################################################## Tue Mar 5 12:14:32 UTC 2019 STARTED NEO4J
############################################################################## Tue Mar 5 12:15:02 UTC 2019 RE-START COMPLETED
############################################################################## Tue Mar 5 12:15:04 UTC 2019 REPLACED RELATIONSHIPS
############################################################################## Tue Mar 5 12:15:04 UTC 2019 CREATED INDEXES
############################################################################## Tue Mar 5 12:17:04 UTC 2019 INDEXES GENERATION COMPLETE
