############################################################################## Wed Feb 6 19:21:28 UTC 2019 RUN STARTED
item_id:ID+source_id+size:int+date+checksum+content_type+platform+pipeline+source_url+local_url+technical_replicate_count+biological_replicate_count+:LABEL
:START_ID+:END_ID+:TYPE
:START_ID+:END_ID+:TYPE
:START_ID+:END_ID+:TYPE
:START_ID+:END_ID+:TYPE
experiment_type_id:ID+technique+feature+target+antibody+:LABEL
dataset_id:ID+dataset_name+data_type+file_format+assembly+is_annotation:boolean+source+:LABEL
case_study_id:ID+source_id+source_site+external_reference+:LABEL
replicate_id:ID+source_id+biological_replicate_number:int+technical_replicate_number+:LABEL
:START_ID+:END_ID+:TYPE
project_id:ID+project_name+source+:LABEL
:START_ID+:END_ID+:TYPE
biosample_id:ID+source_id+biosample_type+tissue+cell+is_healthy:boolean+disease+:LABEL
:START_ID+:END_ID+:TYPE
donor_id:ID+source_id+species+age:int+gender+ethnicity+:LABEL
:START_ID+onto_attribute+:END_ID+:TYPE
tid:ID+source+code+pref_label+description+iri+:LABEL
:START_ID+:END_ID+:TYPE
source:ID+title+description+url+:LABEL
:START_ID+:END_ID+:TYPE
synonym_id:ID+label+:LABEL
:START_ID+:END_ID+:TYPE
reference_id:ID+source+code+:LABEL
:START_ID+:END_ID+rel_type+:TYPE
pair_id:ID+key+value+:LABEL
:START_ID+:END_ID+:TYPE
############################################################################## Wed Feb 6 19:21:28 UTC 2019 HEADERS CREATED
############################################################################## Wed Feb 6 19:21:28 UTC 2019 PREPARED VARIABLE FOR PSQL
COPY 243520
COPY 243520
COPY 243520
COPY 243520
COPY 263145
COPY 1041
COPY 37
COPY 28057
COPY 142765
COPY 28057
COPY 40
COPY 142765
COPY 34904
COPY 34904
COPY 21186
COPY 136171
COPY 5883
COPY 5883
COPY 28
COPY 25938
COPY 24269
COPY 10850
COPY 10850
COPY 8198
COPY 46507027
COPY 46507027
############################################################################## Wed Feb 6 19:24:44 UTC 2019 EXPORTED NODES AND RELATIONSHIPS
############################################################################## Wed Feb 6 19:24:44 UTC 2019 CONVERTED BOOLEAN VALUES
############################################################################## Wed Feb 6 19:25:02 UTC 2019 ADDITIONAL CONVERSION FOR PAIRS DONE
############################################################################## Wed Feb 6 19:25:02 UTC 2019 DELETED OLD GRAPH
Neo4j not running
############################################################################## Wed Feb 6 19:25:02 UTC 2019 STOPPED NEO4J IN CASE IT WAS RUNNING
Import starting 2019-02-06 20:25:06.457+0100
  Estimated number of nodes: 50.19 M
  Estimated number of node properties: 153.23 M
  Estimated number of relationships: 51.65 M
  Estimated number of relationship properties: 144.28 k
  Estimated disk space usage: 8.83 GB
  Estimated required memory usage: 1.61 GB

InteractiveReporterInteractions command list (end with ENTER):
  c: Print more detailed information about current stage
  i: Print more detailed information

(1/4) Node import 2019-02-06 20:25:06.487+0100
  Estimated number of nodes: 50.19 M
  Estimated disk space usage: 7.19 GB
  Estimated required memory usage: 1.61 GB
.......... .......... .......... .......... .......... 5%
.......... .......... .......... .......... .......... 10%
.......... .......... .......... .......... .......... 15%
.......... .......... .......... .......... .......... 20%
.......... .......... .......... .......... .......... 25%
.......... .......... .......... .......... .......... 30%
.......... .......... .......... .......... .......... 35%
.......... .......... .......... .......... .......... 40%
.......... .......... .......... .......... .......... 45%
.......... .......... .......... .......... .......... 50%
.......... .......... .......... .......... .......... 55%
.......... .......... .......... .......... .......... 60%
.......... .......... .......... .......... .......... 65%
.......... .......... .......... .......... .......... 70%
.......... .......... .......... .......... .......... 75%
.......... .......... .......... .......... .......... 80%
.......... .......... .......... .......... .......... 85%
.......... .......... .......... .......... .......... 90%
.......... .......... .......... .......... .......... 95%
.......... .......... .......... .......... .......... 100%

(2/4) Relationship import 2019-02-06 20:25:32.261+0100
  Estimated number of relationships: 51.65 M
  Estimated disk space usage: 1.64 GB
  Estimated required memory usage: 1.53 GB
.......... .......... .......... .......... .......... 5%
.......... .......... .......... .......... .......... 10%
.......... .......... .......... .......... .......... 15%
.......... .......... .......... .......... .......... 20%
.......... .......... .......... .......... .......... 25%
.......... .......... .......... .......... .......... 30%
.......... .......... .......... .......... .......... 35%
.......... .......... .......... .......... .......... 40%
.......... .......... .......... .......... .......... 45%
.......... .......... .......... .......... .......... 50%
.......... .......... .......... .......... .......... 55%
.......... .......... .......... .......... .......... 60%
.......... .......... .......... .......... .......... 65%
.......... .......... .......... .......... .......... 70%
.......... .......... .......... .......... .......... 75%
.......... .......... .......... .......... .......... 80%
.......... .......... .......... .......... .......... 85%
.......... .......... .......... .......... .......... 90%
.......... .......... .......... .......... .......... 95%
.......... .......... .......... .......... .......... 100%

(3/4) Relationship linking 2019-02-06 20:25:42.915+0100
  Estimated required memory usage: 1.48 GB
.......... .......... .......... .......... .......... 5%
.......... .......... .......... .......... .......... 10%
.......... .......... .......... .......... .......... 15%
.......... .......... .......... .......... .......... 20%
.......... .......... .......... .......... .......... 25%
.......... .......... .......... .......... .......... 30%
.......... .......... .......... .......... .......... 35%
.......... .......... .......... .......... .......... 40%
.......... .......... .......... .......... .......... 45%
.......... .......... .......... .......... .......... 50%
.......... .......... .......... .......... .......... 55%
.......... .......... .......... .......... .......... 60%
.......... .......... .......... .......... .......... 65%
.......... .......... .......... .......... .......... 70%
.......... .......... .......... .......... .......... 75%
.......... .......... .......... .......... .......... 80%
.......... .......... .......... .......... .......... 85%
.......... .......... .......... .......... .......... 90%
.......... .......... .......... .......... .......... 95%
.......... .......... .......... .......... .......... 100%

(4/4) Post processing 2019-02-06 20:26:03.496+0100
  Estimated required memory usage: 1020.01 MB
.......... .......... .......... .......... .......... 5%
.......... .......... .......... .......... .......... 10%
.......... .......... .......... .......... .......... 15%
.......... .......... .......... .......... .......... 20%
.......... .......... .......... .......... .......... 25%
.......... .......... .......... .......... .......... 30%
.......... .......... .......... .......... .......... 35%
.......... .......... .......... .......... .......... 40%
.......... .......... .......... .......... .......... 45%
.......... .......... .......... .......... .......... 50%
.......... .......... .......... .......... .......... 55%
.......... .......... .......... .......... .......... 60%
.......... .......... .......... .......... .......... 65%
.......... .......... .......... .......... .......... 70%
.......... .......... .......... .......... .......... 75%
.......... .......... .......... .......... .......... 80%
.......... .......... .......... .......... .......... 85%
.......... .......... .......... .......... .......... 90%
.......... .......... .......... .......... .......... 95%
.......... .......... .......... .......... .......... 100%


IMPORT DONE in 1m 11s 488ms. 
Imported:
  47019607 nodes
  47891829 relationships
  143090260 properties
Peak memory usage: 1.53 GB
There were bad entries which were skipped and logged into /home/bernasconi/gcm2neo4j/import.report
############################################################################## Wed Feb 6 19:26:22 UTC 2019 CREATED NEW GRAPH
Active database: graph.db
Directories in use:
  home:         /home/bernasconi/neo4j-community-3.4.1
  config:       /home/bernasconi/neo4j-community-3.4.1/conf
  logs:         /home/bernasconi/neo4j-community-3.4.1/logs
  plugins:      /home/bernasconi/neo4j-community-3.4.1/plugins
  import:       /home/bernasconi/neo4j-community-3.4.1/import
  data:         /home/bernasconi/neo4j-community-3.4.1/data
  certificates: /home/bernasconi/neo4j-community-3.4.1/certificates
  run:          /home/bernasconi/neo4j-community-3.4.1/run
Starting Neo4j.
WARNING: Max 1024 open files allowed, minimum of 40000 recommended. See the Neo4j manual.
Started neo4j (pid 43707). It is available at http://0.0.0.0:27474/
There may be a short delay until the server is ready.
See /home/bernasconi/neo4j-community-3.4.1/logs/neo4j.log for current status.
############################################################################## Wed Feb 6 19:26:22 UTC 2019 STARTED NEO4J
############################################################################## Wed Feb 6 19:26:52 UTC 2019 RE-START COMPLETED
############################################################################## Wed Feb 6 19:26:54 UTC 2019 REPLACED RELATIONSHIPS
############################################################################## Wed Feb 6 19:26:55 UTC 2019 CREATED INDEXES
############################################################################## Wed Feb 6 19:28:55 UTC 2019 INDEXES GENERATION COMPLETE
