############################################################################## Tue Dec 25 23:42:36 UTC 2018 RUN STARTED
item_id:ID+source_id+size:int+date+checksum+content_type+platform+pipeline+source_url+local_url+:LABEL
:START_ID+:END_ID+:TYPE
:START_ID+:END_ID+:TYPE
:START_ID+:END_ID+:TYPE
:START_ID+:END_ID+:TYPE
experiment_type_id:ID+technique+feature+target+antibody+:LABEL
dataset_id:ID+name+data_type+format+assembly+is_ann:boolean+:LABEL
case_study_id:ID+source_id+source_site+external_ref+:LABEL
replicate_id:ID+source_id+bio_replicate_num:int+tech_replicate_num:int+:LABEL
:START_ID+:END_ID+:TYPE
project_id:ID+project_name+program_name+:LABEL
:START_ID+:END_ID+:TYPE
biosample_id:ID+source_id+type+tissue+cell+is_healthy:boolean+disease+:LABEL
:START_ID+:END_ID+:TYPE
donor_id:ID+source_id+species+age:int+gender+ethnicity+:LABEL
:START_ID+onto_attribute+:END_ID+:TYPE
tid:ID+source+code+pref_label+description+iri+:LABEL
:START_ID+:END_ID+:TYPE
source:ID+title+description+url+:LABEL
:START_ID+:END_ID+:TYPE
synonym_id:ID+label+:LABEL
:START_ID+:END_ID+:TYPE
reference_id:ID+source+code+:LABEL
:START_ID+:END_ID+rel_type+:TYPE
pair_id:ID+key+value+:LABEL
:START_ID+:END_ID+:TYPE
############################################################################## Tue Dec 25 23:42:36 UTC 2018 HEADERS CREATED
############################################################################## Tue Dec 25 23:42:36 UTC 2018 PREPARED VARIABLE FOR PSQL
COPY 242920
COPY 242920
COPY 242920
COPY 242920
COPY 262111
COPY 150
COPY 37
COPY 27988
COPY 142635
COPY 27988
COPY 40
COPY 142635
COPY 34873
COPY 34873
COPY 21186
COPY 162576
COPY 4247
COPY 4247
COPY 14
COPY 20255
COPY 20110
COPY 4314
COPY 4314
COPY 5495
COPY 45573315
COPY 45573315
############################################################################## Tue Dec 25 23:45:54 UTC 2018 EXPORTED NODES AND RELATIONSHIPS
############################################################################## Tue Dec 25 23:45:54 UTC 2018 CONVERTED BOOLEAN VALUES
############################################################################## Tue Dec 25 23:46:11 UTC 2018 ADDITIONAL CONVERSION FOR PAIRS DONE
############################################################################## Tue Dec 25 23:46:11 UTC 2018 DELETED OLD GRAPH
Neo4j not running
############################################################################## Tue Dec 25 23:46:12 UTC 2018 STOPPED NEO4J IN CASE IT WAS RUNNING
Import starting 2018-12-26 00:46:16.588+0100
  Estimated number of nodes: 45.17 M
  Estimated number of node properties: 137.16 M
  Estimated number of relationships: 54.78 M
  Estimated number of relationship properties: 163.03 k
  Estimated disk space usage: 8.43 GB
  Estimated required memory usage: 1.55 GB

InteractiveReporterInteractions command list (end with ENTER):
  c: Print more detailed information about current stage
  i: Print more detailed information

(1/4) Node import 2018-12-26 00:46:16.689+0100
  Estimated number of nodes: 45.17 M
  Estimated disk space usage: 6.68 GB
  Estimated required memory usage: 1.55 GB
.......... .......... .......... .......... .......... 5%
.......... .......... .......... .......... .......... 10%
.......... .......... .......... .......... .......... 15%
.......... .......... .......... .......... .......... 20%
.......... .......... .......... .......... .......... 25%
.......... .......... .......... .......... .......... 30%
.......... .......... .......... .......... .......... 35%
.......... .......... .......... .......... .......... 40%
.......... .......... .......... .......... .......... 45%
.......... .......... .......... .......... .......... 50%
.......... .......... .......... .......... .......... 55%
.......... .......... .......... .......... .......... 60%
.......... .......... .......... .......... .......... 65%
.......... .......... .......... .......... .......... 70%
.......... .......... .......... .......... .......... 75%
.......... .......... .......... .......... .......... 80%
.......... .......... .......... .......... .......... 85%
.......... .......... .......... .......... .......... 90%
.......... .......... .......... .......... .......... 95%
.......... .......... .......... .......... .........(2/4) Relationship import 2018-12-26 00:46:42.310+0100
  Estimated number of relationships: 54.78 M
  Estimated disk space usage: 1.74 GB
  Estimated required memory usage: 1.52 GB
.......... .......... .......... .......... .......... 5%
.......... .......... .......... .......... .......... 10%
.......... .......... .......... .......... .......... 15%
.......... .......... .......... .......... .......... 20%
.......... .......... .......... .......... .......... 25%
.......... .......... .......... .......... .......... 30%
.......... .......... .......... .......... .......... 35%
.......... .......... .......... .......... .......... 40%
.......... .......... .......... .......... .......... 45%
.......... .......... .......... .......... .......... 50%
.......... .......... .......... .......... .......... 55%
.......... .......... .......... .......... .......... 60%
.......... .......... .......... .......... .......... 65%
.......... .......... .......... .......... .......... 70%
.......... .......... .......... .......... .......... 75%
.......... .......... .......... .......... .......... 80%
.......... .......... .......... .......... .......... 85%
.......... .......... .......... .......... .......... 90%
.......... .......... .......... .......... .......... 95%
.......... .......... .......... .......... .......... 100%

(3/4) Relationship linking 2018-12-26 00:46:52.981+0100
  Estimated required memory usage: 1.47 GB
.......... .......... .......... .......... .......... 5%
.......... .......... .......... .......... .......... 10%
.......... .......... .......... .......... .......... 15%
.......... .......... .......... .......... .......... 20%
.......... .......... .......... .......... .......... 25%
.......... .......... .......... .......... .......... 30%
.......... .......... .......... .......... .......... 35%
.......... .......... .......... .......... .......... 40%
.......... .......... .......... .......... .......... 45%
.......... .......... .......... .......... .......... 50%
.......... .......... .......... .......... .......... 55%
.......... .......... .......... .......... .......... 60%
.......... .......... .......... .......... .......... 65%
.......... .......... .......... .......... .......... 70%
.......... .......... .......... .......... .......... 75%
.......... .......... .......... .......... .......... 80%
.......... .......... .......... .......... .......... 85%
.......... .......... .......... .......... .......... 90%
.......... .......... .......... .......... .......... 95%
.......... .......... .......... .......... .........(4/4) Post processing 2018-12-26 00:47:12.710+0100
  Estimated required memory usage: 1020.01 MB
.......... .......... .......... .......... .......... 5%
.......... .......... .......... .......... .......... 10%
.......... .......... .......... .......... .......... 15%
.......... .......... .......... .......... .......... 20%
.......... .......... .......... .......... .......... 25%
.......... .......... .......... .......... .......... 30%
.......... .......... .......... .......... .......... 35%
.......... .......... .......... .......... .......... 40%
.......... .......... .......... .......... .......... 45%
.......... .......... .......... .......... .......... 50%
.......... .......... .......... .......... .......... 55%
.......... .......... .......... .......... .......... 60%
.......... .......... .......... .......... .......... 65%
.......... .......... .......... .......... .......... 70%
.......... .......... .......... .......... .......... 75%
.......... .......... .......... .......... .......... 80%
.......... .......... .......... .......... .......... 85%
.......... .......... .......... .......... .......... 90%
.......... .......... .......... .......... .......... 95%
.......... .......... .......... .......... .......... 100%


IMPORT DONE in 1m 10s 433ms. 
Imported:
  46071829 nodes
  46960929 relationships
  139744202 properties
Peak memory usage: 1.52 GB
There were bad entries which were skipped and logged into /home/bernasconi/gcm2neo4j/import.report
############################################################################## Tue Dec 25 23:47:31 UTC 2018 CREATED NEW GRAPH
Active database: graph.db
Directories in use:
  home:         /home/bernasconi/neo4j-community-3.4.1
  config:       /home/bernasconi/neo4j-community-3.4.1/conf
  logs:         /home/bernasconi/neo4j-community-3.4.1/logs
  plugins:      /home/bernasconi/neo4j-community-3.4.1/plugins
  import:       /home/bernasconi/neo4j-community-3.4.1/import
  data:         /home/bernasconi/neo4j-community-3.4.1/data
  certificates: /home/bernasconi/neo4j-community-3.4.1/certificates
  run:          /home/bernasconi/neo4j-community-3.4.1/run
Starting Neo4j.
WARNING: Max 1024 open files allowed, minimum of 40000 recommended. See the Neo4j manual.
Started neo4j (pid 186866). It is available at http://0.0.0.0:7474/
There may be a short delay until the server is ready.
See /home/bernasconi/neo4j-community-3.4.1/logs/neo4j.log for current status.
############################################################################## Tue Dec 25 23:47:31 UTC 2018 STARTED NEO4J
############################################################################## Tue Dec 25 23:48:01 UTC 2018 RE-START COMPLETED
############################################################################## Tue Dec 25 23:52:07 UTC 2018 REPLACED RELATIONSHIPS
############################################################################## Tue Dec 25 23:52:08 UTC 2018 CREATED INDEXES
############################################################################## Tue Dec 25 23:54:08 UTC 2018 INDEXES GENERATION COMPLETE
