############################################################################## Fri Dec 14 17:43:12 UTC 2018 RUN STARTED
item_id:ID+source_id+size:int+date+checksum+platform+pipeline+source_url+local_url+:LABEL
:START_ID+:END_ID+:TYPE
:START_ID+:END_ID+:TYPE
:START_ID+:END_ID+:TYPE
:START_ID+:END_ID+:TYPE
experiment_type_id:ID+technique+feature+target+antibody+:LABEL
dataset_id:ID+name+data_type+format+assembly+is_ann:boolean+annotation+:LABEL
case_study_id:ID+source_id+source_site+external_ref+:LABEL
replicate_id:ID+source_id+bio_replicate_num:int+tech_replicate_num:int+:LABEL
:START_ID+:END_ID+:TYPE
project_id:ID+project_name+program_name+:LABEL
:START_ID+:END_ID+:TYPE
biosample_id:ID+source_id+type+tissue+cell_line+is_healthy:boolean+disease+:LABEL
:START_ID+:END_ID+:TYPE
donor_id:ID+source_id+species+age:int+gender+ethnicity+:LABEL
:START_ID+onto_attribute+:END_ID+:TYPE
tid:ID+source+code+pref_label+description+iri+:LABEL
:START_ID+:END_ID+:TYPE
source:ID+title+description+url+:LABEL
:START_ID+:END_ID+:TYPE
synonym_id:ID+label+:LABEL
:START_ID+:END_ID+:TYPE
reference_id:ID+source+code+:LABEL
:START_ID+:END_ID+rel_type+:TYPE
pair_id:ID+key+value+:LABEL
:START_ID+:END_ID+:TYPE
############################################################################## Fri Dec 14 17:43:12 UTC 2018 HEADERS CREATED
############################################################################## Fri Dec 14 17:43:12 UTC 2018 PREPARED VARIABLE FOR PSQL
COPY 120703
COPY 120703
COPY 120703
COPY 120703
COPY 131557
COPY 836
COPY 14
COPY 14768
COPY 28860
COPY 14768
COPY 37
COPY 28860
COPY 25064
COPY 25064
COPY 11619
COPY 110272
COPY 1074
COPY 1074
COPY 7
COPY 3179
COPY 3179
COPY 5162
COPY 5162
COPY 0
COPY 27316830
COPY 27316830
############################################################################## Fri Dec 14 17:46:16 UTC 2018 EXPORTED NODES AND RELATIONSHIPS
############################################################################## Fri Dec 14 17:46:16 UTC 2018 CONVERTED BOOLEAN VALUES
############################################################################## Fri Dec 14 17:46:30 UTC 2018 ADDITIONAL CONVERSION FOR PAIRS DONE
############################################################################## Fri Dec 14 17:46:32 UTC 2018 DELETED OLD GRAPH
Neo4j not running
############################################################################## Fri Dec 14 17:46:32 UTC 2018 STOPPED NEO4J IN CASE IT WAS RUNNING
Import starting 2018-12-14 18:46:35.283+0100
  Estimated number of nodes: 25.47 M
  Estimated number of node properties: 77.10 M
  Estimated number of relationships: 30.29 M
  Estimated number of relationship properties: 110.27 k
  Estimated disk space usage: 5.48 GB
  Estimated required memory usage: 1.31 GB

InteractiveReporterInteractions command list (end with ENTER):
  c: Print more detailed information about current stage
  i: Print more detailed information

(1/4) Node import 2018-12-14 18:46:35.328+0100
  Estimated number of nodes: 25.47 M
  Estimated disk space usage: 4.52 GB
  Estimated required memory usage: 1.31 GB
.......... .......... .......... .......... .......... 5%
.......... .......... .......... .......... .......... 10%
.......... .......... .......... .......... .......... 15%
.......... .......... .......... .......... .......... 20%
.......... .......... .......... .......... .......... 25%
.......... .......... .......... .......... .......... 30%
.......... .......... .......... .......... .......... 35%
.......... .......... .......... .......... .......... 40%
.......... .......... .......... .......... .......... 45%
.......... .......... .......... .......... .......... 50%
.......... .......... .......... .......... .......... 55%
.......... .......... .......... .......... .......... 60%
.......... .......... .......... .......... .......... 65%
.......... .......... .......... .......... .......... 70%
.......... .......... .......... .......... .......... 75%
.......... .......... .......... .......... .......... 80%
.......... .......... .......... .......... .......... 85%
.......... .......... .......... .......... .......... 90%
.......... .......... .......... .......... .......... 95%
.......... .......... .......... .......... .........(2/4) Relationship import 2018-12-14 18:46:59.585+0100
  Estimated number of relationships: 30.29 M
  Estimated disk space usage: 986.30 MB
  Estimated required memory usage: 1.31 GB
.......... .......... .......... .......... .......... 5%
.......... .......... .......... .......... .......... 10%
.......... .......... .......... .......... .......... 15%
.......... .......... .......... .......... .......... 20%
.......... .......... .......... .......... .......... 25%
.......... .......... .......... .......... .......... 30%
.......... .......... .......... .......... .......... 35%
.......... .......... .......... .......... .......... 40%
.......... .......... .......... .......... .......... 45%
.......... .......... .......... .......... .......... 50%
.......... .......... .......... .......... .......... 55%
.......... .......... .......... .......... .......... 60%
.......... .......... .......... .......... .......... 65%
.......... .......... .......... .......... .......... 70%
.......... .......... .......... .......... .......... 75%
.......... .......... .......... .......... .......... 80%
.......... .......... .......... .......... .......... 85%
.......... .......... .......... .......... .......... 90%
.......... .......... .......... .......... .......... 95%
.......... .......... .......... .......... .......... 100%

(3/4) Relationship linking 2018-12-14 18:47:05.153+0100
  Estimated required memory usage: 1.28 GB
.......... .......... .......... .......... .......... 5%
.......... .......... .......... .......... .......... 10%
.......... .......... .......... .......... .......... 15%
.......... .......... .......... .......... .......... 20%
.......... .......... .......... .......... .......... 25%
.......... .......... .......... .......... .......... 30%
.......... .......... .......... .......... .......... 35%
.......... .......... .......... .......... .......... 40%
.......... .......... .......... .......... .......... 45%
.......... .......... .......... .......... .......... 50%
.......... .......... .......... .......... .......... 55%
.......... .......... .......... .......... .......... 60%
.......... .......... .......... .......... .......... 65%
.......... .......... .......... .......... .......... 70%
.......... .......... .......... .......... .......... 75%
.......... .......... .......... .......... .......... 80%
.......... .......... .......... .......... .......... 85%
.......... .......... .......... .......... .......... 90%
.......... .......... .......... .......... .......... 95%
.......... .......... .......... .......... .........(4/4) Post processing 2018-12-14 18:47:17.333+0100
  Estimated required memory usage: 1020.01 MB
.......... .......... .......... .......... .......... 5%
.......... .......... .......... .......... .......... 10%
.......... .......... .......... .......... .......... 15%
.......... .......... .......... .......... .......... 20%
.......... .......... .......... .......... .......... 25%
.......... .......... .......... .......... .......... 30%
.......... .......... .......... .......... .......... 35%
.......... .......... .......... .......... .......... 40%
.......... .......... .......... .......... .......... 45%
.......... .......... .......... .......... .......... 50%
.......... .......... .......... .......... .......... 55%
.......... .......... .......... .......... .......... 60%
.......... .......... .......... .......... .......... 65%
.......... .......... .......... .......... .......... 70%
.......... .......... .......... .......... .......... 75%
.......... .......... .......... .......... .......... 80%
.......... .......... .......... .......... .......... 85%
.......... .......... .......... .......... .......... 90%
.......... .......... .......... .......... .......... 95%
.......... .......... .......... .......... .......... 100%


IMPORT DONE in 52s 296ms. 
Imported:
  27528153 nodes
  27998875 relationships
  83251096 properties
Peak memory usage: 1.31 GB
############################################################################## Fri Dec 14 17:47:30 UTC 2018 CREATED NEW GRAPH
Active database: graph.db
Directories in use:
  home:         /home/bernasconi/neo4j-community-3.4.1
  config:       /home/bernasconi/neo4j-community-3.4.1/conf
  logs:         /home/bernasconi/neo4j-community-3.4.1/logs
  plugins:      /home/bernasconi/neo4j-community-3.4.1/plugins
  import:       /home/bernasconi/neo4j-community-3.4.1/import
  data:         /home/bernasconi/neo4j-community-3.4.1/data
  certificates: /home/bernasconi/neo4j-community-3.4.1/certificates
  run:          /home/bernasconi/neo4j-community-3.4.1/run
Starting Neo4j.
WARNING: Max 1024 open files allowed, minimum of 40000 recommended. See the Neo4j manual.
Started neo4j (pid 158518). It is available at http://0.0.0.0:7474/
There may be a short delay until the server is ready.
See /home/bernasconi/neo4j-community-3.4.1/logs/neo4j.log for current status.
############################################################################## Fri Dec 14 17:47:30 UTC 2018 STARTED NEO4J
############################################################################## Fri Dec 14 17:48:00 UTC 2018 RE-START COMPLETED
############################################################################## Fri Dec 14 17:49:29 UTC 2018 REPLACED RELATIONSHIPS
############################################################################## Fri Dec 14 17:49:30 UTC 2018 CREATED INDEXES
############################################################################## Fri Dec 14 17:51:30 UTC 2018 INDEXES GENERATION COMPLETE
