############################################################################## Mon Jan 28 11:15:55 UTC 2019 RUN STARTED
item_id:ID+source_id+size:int+date+checksum+content_type+platform+pipeline+source_url+local_url+:LABEL
:START_ID+:END_ID+:TYPE
:START_ID+:END_ID+:TYPE
:START_ID+:END_ID+:TYPE
:START_ID+:END_ID+:TYPE
experiment_type_id:ID+technique+feature+target+antibody+:LABEL
dataset_id:ID+dataset_name+data_type+file_format+assembly+is_annotation:boolean+source+:LABEL
case_study_id:ID+source_id+source_site+external_reference+:LABEL
replicate_id:ID+source_id+biological_replicate_number:int+technical_replicate_number:int+:LABEL
:START_ID+:END_ID+:TYPE
project_id:ID+project_name+source+:LABEL
:START_ID+:END_ID+:TYPE
biosample_id:ID+source_id+biosample_type+tissue+cell+is_healthy:boolean+disease+:LABEL
:START_ID+:END_ID+:TYPE
donor_id:ID+source_id+species+age:int+gender+ethnicity+:LABEL
:START_ID+onto_attribute+:END_ID+:TYPE
tid:ID+source+code+pref_label+description+iri+:LABEL
:START_ID+:END_ID+:TYPE
source:ID+title+description+url+:LABEL
:START_ID+:END_ID+:TYPE
synonym_id:ID+label+:LABEL
:START_ID+:END_ID+:TYPE
reference_id:ID+source+code+:LABEL
:START_ID+:END_ID+rel_type+:TYPE
pair_id:ID+key+value+:LABEL
:START_ID+:END_ID+:TYPE
############################################################################## Mon Jan 28 11:15:55 UTC 2019 HEADERS CREATED
############################################################################## Mon Jan 28 11:15:55 UTC 2019 PREPARED VARIABLE FOR PSQL
COPY 243520
COPY 243520
COPY 243520
COPY 243520
COPY 263145
COPY 1041
COPY 37
COPY 28057
COPY 142765
COPY 28057
COPY 40
COPY 142765
COPY 34904
COPY 34904
COPY 21186
COPY 136171
COPY 5883
COPY 5883
COPY 28
COPY 25938
COPY 24269
COPY 10850
COPY 10850
COPY 8198
COPY 46994067
COPY 47013692
############################################################################## Mon Jan 28 11:19:28 UTC 2019 EXPORTED NODES AND RELATIONSHIPS
############################################################################## Mon Jan 28 11:19:28 UTC 2019 CONVERTED BOOLEAN VALUES
############################################################################## Mon Jan 28 11:19:47 UTC 2019 ADDITIONAL CONVERSION FOR PAIRS DONE
############################################################################## Mon Jan 28 11:19:47 UTC 2019 DELETED OLD GRAPH
Stopping Neo4j..... stopped
############################################################################## Mon Jan 28 11:19:52 UTC 2019 STOPPED NEO4J IN CASE IT WAS RUNNING

IMPORT DONE in 290ms. 
Data statistics is not available.
Peak memory usage: 0.00 B
