############################################################################## Wed Feb 6 19:14:00 UTC 2019 RUN STARTED
item_id:ID+source_id+size:int+date+checksum+content_type+platform+pipeline+source_url+local_url+:LABEL
:START_ID+:END_ID+:TYPE
:START_ID+:END_ID+:TYPE
:START_ID+:END_ID+:TYPE
:START_ID+:END_ID+:TYPE
experiment_type_id:ID+technique+feature+target+antibody+:LABEL
dataset_id:ID+dataset_name+data_type+file_format+assembly+is_annotation:boolean+source+:LABEL
case_study_id:ID+source_id+source_site+external_reference+:LABEL
replicate_id:ID+source_id+biological_replicate_number:int+technical_replicate_number+:LABEL
:START_ID+:END_ID+:TYPE
project_id:ID+project_name+source+:LABEL
:START_ID+:END_ID+:TYPE
biosample_id:ID+source_id+biosample_type+tissue+cell+is_healthy:boolean+disease+:LABEL
:START_ID+:END_ID+:TYPE
donor_id:ID+source_id+species+age:int+gender+ethnicity+:LABEL
:START_ID+onto_attribute+:END_ID+:TYPE
tid:ID+source+code+pref_label+description+iri+:LABEL
:START_ID+:END_ID+:TYPE
source:ID+title+description+url+:LABEL
:START_ID+:END_ID+:TYPE
synonym_id:ID+label+:LABEL
:START_ID+:END_ID+:TYPE
reference_id:ID+source+code+:LABEL
:START_ID+:END_ID+rel_type+:TYPE
pair_id:ID+key+value+:LABEL
:START_ID+:END_ID+:TYPE
############################################################################## Wed Feb 6 19:14:00 UTC 2019 HEADERS CREATED
############################################################################## Wed Feb 6 19:14:00 UTC 2019 PREPARED VARIABLE FOR PSQL
COPY 243520
COPY 243520
COPY 243520
COPY 243520
COPY 263145
COPY 1041
COPY 37
COPY 28057
COPY 142765
COPY 28057
COPY 40
COPY 142765
COPY 34904
COPY 34904
COPY 21186
COPY 136171
COPY 5883
COPY 5883
COPY 28
COPY 25938
COPY 24269
COPY 10850
COPY 10850
COPY 8198
COPY 46507027
COPY 46994067
############################################################################## Wed Feb 6 19:17:43 UTC 2019 EXPORTED NODES AND RELATIONSHIPS
############################################################################## Wed Feb 6 19:17:43 UTC 2019 CONVERTED BOOLEAN VALUES
############################################################################## Wed Feb 6 19:18:02 UTC 2019 ADDITIONAL CONVERSION FOR PAIRS DONE
############################################################################## Wed Feb 6 19:18:02 UTC 2019 DELETED OLD GRAPH
Stopping Neo4j....... stopped
############################################################################## Wed Feb 6 19:18:09 UTC 2019 STOPPED NEO4J IN CASE IT WAS RUNNING
Import starting 2019-02-06 20:18:16.363+0100
  Estimated number of nodes: 50.19 M
  Estimated number of node properties: 152.60 M
  Estimated number of relationships: 49.24 M
  Estimated number of relationship properties: 144.28 k
  Estimated disk space usage: 8.75 GB
  Estimated required memory usage: 1.61 GB

InteractiveReporterInteractions command list (end with ENTER):
  c: Print more detailed information about current stage
  i: Print more detailed information

(1/4) Node import 2019-02-06 20:18:16.409+0100
  Estimated number of nodes: 50.19 M
  Estimated disk space usage: 7.18 GB
  Estimated required memory usage: 1.61 GB
.......... .......... .......... .......... .......... 5%
.......... .......... .......... .......... .......... 10%
.......... .......... .......... .......... .......... 15%
.......... .......... .......... .......... .......... 20%
.......... .......... .......... .......... .......... 25%
.......... .......... .......... .......... .......... 30%
.......... .......... .......... .......... .......... 35%
.......... .......... .......... .......... .......... 40%
.......... .......... .......... .......... .......... 45%
.......... .......... .......... .......... .......... 50%
.......... .......... .......... .......... .......... 55%
.......... .......... .......... .......... .......... 60%
.......... .......... .......... .......... .......... 65%
.......... .......... .......... .......... .......... 70%
.......... .......... .......... .......... .......... 75%
.......... .......... .......... .......... .......... 80%
.......... .......... .......... .......... .......... 85%
.......... .......... .......... .......... .......... 90%
.......... .......... .......... .......... .......... 95%
.......... .......... .......... .......... .......... 100%


IMPORT DONE in 2s 495ms. 
Data statistics is not available.
Peak memory usage: 0.00 B
############################################################################## Wed Feb 6 19:18:47 UTC 2019 RE-START COMPLETED
############################################################################## Wed Feb 6 19:18:50 UTC 2019 REPLACED RELATIONSHIPS
############################################################################## Wed Feb 6 19:18:50 UTC 2019 CREATED INDEXES
############################################################################## Wed Feb 6 19:20:50 UTC 2019 INDEXES GENERATION COMPLETE
