############################################################################## Fri Dec 28 20:13:32 UTC 2018 RUN STARTED
item_id:ID+source_id+size:int+date+checksum+content_type+platform+pipeline+source_url+local_url+:LABEL
:START_ID+:END_ID+:TYPE
:START_ID+:END_ID+:TYPE
:START_ID+:END_ID+:TYPE
:START_ID+:END_ID+:TYPE
experiment_type_id:ID+technique+feature+target+antibody+:LABEL
dataset_id:ID+name+data_type+format+assembly+is_ann:boolean+source+:LABEL
case_id:ID+source_id+source_site+external_ref+:LABEL
replicate_id:ID+source_id+bio_replicate_num:int+tech_replicate_num:int+:LABEL
:START_ID+:END_ID+:TYPE
project_id:ID+project_name+program_name+:LABEL
:START_ID+:END_ID+:TYPE
biosample_id:ID+source_id+type+tissue+cell+is_healthy:boolean+disease+:LABEL
:START_ID+:END_ID+:TYPE
donor_id:ID+source_id+species+age:int+gender+ethnicity+:LABEL
:START_ID+onto_attribute+:END_ID+:TYPE
tid:ID+source+code+pref_label+description+iri+:LABEL
:START_ID+:END_ID+:TYPE
source:ID+title+description+url+:LABEL
:START_ID+:END_ID+:TYPE
synonym_id:ID+label+:LABEL
:START_ID+:END_ID+:TYPE
reference_id:ID+source+code+:LABEL
:START_ID+:END_ID+rel_type+:TYPE
pair_id:ID+key+value+:LABEL
:START_ID+:END_ID+:TYPE
############################################################################## Fri Dec 28 20:13:32 UTC 2018 HEADERS CREATED
############################################################################## Fri Dec 28 20:13:32 UTC 2018 PREPARED VARIABLE FOR PSQL
COPY 242920
COPY 242920
COPY 242920
COPY 242920
COPY 262111
COPY 150
COPY 37
COPY 27988
COPY 142635
COPY 27988
COPY 40
COPY 142635
COPY 34873
COPY 34873
COPY 21186
COPY 165998
COPY 5206
COPY 5206
COPY 26
COPY 22887
COPY 22296
COPY 6478
COPY 6478
COPY 7143
COPY 45573315
COPY 45573315
############################################################################## Fri Dec 28 20:16:47 UTC 2018 EXPORTED NODES AND RELATIONSHIPS
############################################################################## Fri Dec 28 20:16:47 UTC 2018 CONVERTED BOOLEAN VALUES
############################################################################## Fri Dec 28 20:17:04 UTC 2018 ADDITIONAL CONVERSION FOR PAIRS DONE
############################################################################## Fri Dec 28 20:17:04 UTC 2018 DELETED OLD GRAPH
Neo4j not running
############################################################################## Fri Dec 28 20:17:04 UTC 2018 STOPPED NEO4J IN CASE IT WAS RUNNING
Import starting 2018-12-28 21:17:08.996+0100
  Estimated number of nodes: 45.18 M
  Estimated number of node properties: 137.14 M
  Estimated number of relationships: 54.80 M
  Estimated number of relationship properties: 173.22 k
  Estimated disk space usage: 8.43 GB
  Estimated required memory usage: 1.55 GB

InteractiveReporterInteractions command list (end with ENTER):
  c: Print more detailed information about current stage
  i: Print more detailed information

(1/4) Node import 2018-12-28 21:17:09.033+0100
  Estimated number of nodes: 45.18 M
  Estimated disk space usage: 6.69 GB
  Estimated required memory usage: 1.55 GB
.......... .......... .......... .......... .......... 5%
.......... .......... .......... .......... .......... 10%
.......... .......... .......... .......... .......... 15%
.......... .......... .......... .......... .......... 20%
.......... .......... .......... .......... .......... 25%
.......... .......... .......... .......... .......... 30%
.......... .......... .......... .......... .......... 35%
.......... .......... .......... .......... .......... 40%
.......... .......... .......... .......... .......... 45%
.......... .......... .......... .......... .......... 50%
.......... .......... .......... .......... .......... 55%
.......... .......... .......... .......... .......... 60%
.......... .......... .......... .......... .......... 65%
.......... .......... .......... .......... .......... 70%
.......... .......... .......... .......... .......... 75%
.......... .......... .......... .......... .......... 80%
.......... .......... .......... .......... .......... 85%
.......... .......... .......... .......... .......... 90%
.......... .......... .......... .......... .......... 95%
.......... .......... .......... .......... .........(2/4) Relationship import 2018-12-28 21:17:33.976+0100
  Estimated number of relationships: 54.80 M
  Estimated disk space usage: 1.74 GB
  Estimated required memory usage: 1.52 GB
.......... .......... .......... .......... .......... 5%
.......... .......... .......... .......... .......... 10%
.......... .......... .......... .......... .......... 15%
.......... .......... .......... .......... .......... 20%
.......... .......... .......... .......... .......... 25%
.......... .......... .......... .......... .......... 30%
.......... .......... .......... .......... .......... 35%
.......... .......... .......... .......... .......... 40%
.......... .......... .......... .......... .......... 45%
.......... .......... .......... .......... .......... 50%
.......... .......... .......... .......... .......... 55%
.......... .......... .......... .......... .......... 60%
.......... .......... .......... .......... .......... 65%
.......... .......... .......... .......... .......... 70%
.......... .......... .......... .......... .......... 75%
.......... .......... .......... .......... .......... 80%
.......... .......... .......... .......... .......... 85%
.......... .......... .......... .......... .......... 90%
.......... .......... .......... .......... .......... 95%
.......... .......... .......... .......... .......... 100%

(3/4) Relationship linking 2018-12-28 21:17:43.495+0100
  Estimated required memory usage: 1.47 GB
.......... .......... .......... .......... .......... 5%
.......... .......... .......... .......... .......... 10%
.......... .......... .......... .......... .......... 15%
.......... .......... .......... .......... .......... 20%
.......... .......... .......... .......... .......... 25%
.......... .......... .......... .......... .......... 30%
.......... .......... .......... .......... .......... 35%
.......... .......... .......... .......... .......... 40%
.......... .......... .......... .......... .......... 45%
.......... .......... .......... .......... .......... 50%
.......... .......... .......... .......... .......... 55%
.......... .......... .......... .......... .......... 60%
.......... .......... .......... .......... .......... 65%
.......... .......... .......... .......... .......... 70%
.......... .......... .......... .......... .......... 75%
.......... .......... .......... .......... .......... 80%
.......... .......... .......... .......... .......... 85%
.......... .......... .......... .......... .......... 90%
.......... .......... .......... .......... .......... 95%
.......... .......... .......... .......... .........(4/4) Post processing 2018-12-28 21:18:03.349+0100
  Estimated required memory usage: 1020.01 MB
.......... .......... .......... .......... .......... 5%
.......... .......... .......... .......... .......... 10%
.......... .......... .......... .......... .......... 15%
.......... .......... .......... .......... .......... 20%
.......... .......... .......... .......... .......... 25%
.......... .......... .......... .......... .......... 30%
.......... .......... .......... .......... .......... 35%
.......... .......... .......... .......... .......... 40%
.......... .......... .......... .......... .......... 45%
.......... .......... .......... .......... .......... 50%
.......... .......... .......... .......... .......... 55%
.......... .......... .......... .......... .......... 60%
.......... .......... .......... .......... .......... 65%
.......... .......... .......... .......... .......... 70%
.......... .......... .......... .......... .......... 75%
.......... .......... .......... .......... .......... 80%
.......... .......... .......... .......... .......... 85%
.......... .......... .......... .......... .......... 90%
.......... .......... .......... .......... .......... 95%
.......... .......... .......... .......... .......... 100%


IMPORT DONE in 1m 9s 597ms. 
Imported:
  46077150 nodes
  46976803 relationships
  139760905 properties
Peak memory usage: 1.52 GB
There were bad entries which were skipped and logged into /home/bernasconi/gcm2neo4j/import.report
############################################################################## Fri Dec 28 20:18:24 UTC 2018 CREATED NEW GRAPH
Active database: graph.db
Directories in use:
  home:         /home/bernasconi/neo4j-community-3.4.1
  config:       /home/bernasconi/neo4j-community-3.4.1/conf
  logs:         /home/bernasconi/neo4j-community-3.4.1/logs
  plugins:      /home/bernasconi/neo4j-community-3.4.1/plugins
  import:       /home/bernasconi/neo4j-community-3.4.1/import
  data:         /home/bernasconi/neo4j-community-3.4.1/data
  certificates: /home/bernasconi/neo4j-community-3.4.1/certificates
  run:          /home/bernasconi/neo4j-community-3.4.1/run
Starting Neo4j.
WARNING: Max 1024 open files allowed, minimum of 40000 recommended. See the Neo4j manual.
Started neo4j (pid 122811). It is available at http://0.0.0.0:7474/
There may be a short delay until the server is ready.
See /home/bernasconi/neo4j-community-3.4.1/logs/neo4j.log for current status.
############################################################################## Fri Dec 28 20:18:24 UTC 2018 STARTED NEO4J
############################################################################## Fri Dec 28 20:18:54 UTC 2018 RE-START COMPLETED
############################################################################## Fri Dec 28 20:23:01 UTC 2018 REPLACED RELATIONSHIPS
############################################################################## Fri Dec 28 20:23:02 UTC 2018 CREATED INDEXES
############################################################################## Fri Dec 28 20:25:02 UTC 2018 INDEXES GENERATION COMPLETE
